<?xml version="1.0" encoding="UTF-8"?>
<testng-results skipped="0" failed="0" ignored="0" total="1" passed="1">
  <reporter-output>
  </reporter-output>
  <suite name="Jenkins " duration-ms="9517" started-at="2018-12-06T12:54:43Z" finished-at="2018-12-06T12:54:52Z">
    <groups>
    </groups>
    <test name="google launch" duration-ms="9517" started-at="2018-12-06T12:54:43Z" finished-at="2018-12-06T12:54:52Z">
      <class name="TestJenkins.TestJenkins.LaunchGoogle">
        <test-method status="PASS" signature="launchGoogleHome()[pri:0, instance:TestJenkins.TestJenkins.LaunchGoogle@4c70fda8]" name="launchGoogleHome" duration-ms="9497" started-at="2018-12-06T18:24:43Z" finished-at="2018-12-06T18:24:52Z">
          <reporter-output>
          </reporter-output>
        </test-method> <!-- launchGoogleHome -->
      </class> <!-- TestJenkins.TestJenkins.LaunchGoogle -->
    </test> <!-- google launch -->
  </suite> <!-- Jenkins  -->
</testng-results>
